[INFO ] [2023-07-12 10:25:25,773] Login - Step 01: Navigate to Login Page
[INFO ] [2023-07-12 10:25:26,193] Login - Step 02: Input values to field 'Email' with value is testEmail1935@gmail.vn
[INFO ] [2023-07-12 10:25:26,243] Login - Step 03: Input values to field 'Password' with value is 199000
[INFO ] [2023-07-12 10:25:26,286] Login - Step 04: Click to 'Login' button
[INFO ] [2023-07-12 10:25:26,618] Login - Step 05: Vertify 'My Account' link is displayed
[INFO ] [2023-07-12 10:25:56,655] Register - Step 01: Navigate to Register Page
[INFO ] [2023-07-12 10:25:57,541] Register - Step 02: Input values to field 'FirstName' with value is Nguyen
[INFO ] [2023-07-12 10:25:57,596] Register - Step 03: Input values to field 'LastName' with value is Van A
[INFO ] [2023-07-12 10:25:57,632] Register - Step 04: Input values to field 'Email' with value is testEmail1935@gmail.vn
[INFO ] [2023-07-12 10:25:57,666] Register - Step 05: Input values to field 'Password' with value is 199000
[INFO ] [2023-07-12 10:25:57,697] Register - Step 06: Input values to field 'Confirm Password' with value is 199000
[INFO ] [2023-07-12 10:25:57,728] Register - Step 07: Click to 'Registor' button
[INFO ] [2023-07-12 10:25:58,355] Register - Step 08: Verify register success message is displayed
[INFO ] [2023-07-12 10:25:58,393] Register - Step 09: 
[INFO ] [2023-07-12 10:27:36,423] Register - Step 01: Navigate to Register Page
[INFO ] [2023-07-12 10:27:37,382] Register - Step 02: Input values to field 'FirstName' with value is Nguyen
[INFO ] [2023-07-12 10:27:37,431] Register - Step 03: Input values to field 'LastName' with value is Van A
[INFO ] [2023-07-12 10:27:37,469] Register - Step 04: Input values to field 'Email' with value is testEmail9186@gmail.vn
[INFO ] [2023-07-12 10:27:37,506] Register - Step 05: Input values to field 'Password' with value is 199000
[INFO ] [2023-07-12 10:27:37,537] Register - Step 06: Input values to field 'Confirm Password' with value is 199000
[INFO ] [2023-07-12 10:27:37,569] Register - Step 07: Click to 'Registor' button
[INFO ] [2023-07-12 10:27:38,258] Register - Step 08: Verify register success message is displayed
[INFO ] [2023-07-12 10:27:38,298] Register - Step 09: 
[INFO ] [2023-07-12 10:28:08,315] Login - Step 01: Navigate to Login Page
[INFO ] [2023-07-12 10:28:08,696] Login - Step 02: Input values to field 'Email' with value is testEmail9186@gmail.vn
[INFO ] [2023-07-12 10:28:08,751] Login - Step 03: Input values to field 'Password' with value is 199000
[INFO ] [2023-07-12 10:28:08,785] Login - Step 04: Click to 'Login' button
[INFO ] [2023-07-12 10:28:09,387] Login - Step 05: Vertify 'My Account' link is displayed
[INFO ] [2023-07-12 10:28:09,433] Login - Step 06: Navigate to My Account Page
[2023-07-12 10:38:40,587] Register - Step 01: Navigate to Register Page
[2023-07-12 10:38:41,457] Register - Step 02: Input values to field 'FirstName' with value is Nguyen
[2023-07-12 10:38:41,504] Register - Step 03: Input values to field 'LastName' with value is Van A
[2023-07-12 10:38:41,544] Register - Step 04: Input values to field 'Email' with value is testEmail7446@gmail.vn
[2023-07-12 10:38:41,580] Register - Step 05: Input values to field 'Password' with value is 199000
[2023-07-12 10:38:41,609] Register - Step 06: Input values to field 'Confirm Password' with value is 199000
[2023-07-12 10:38:41,639] Register - Step 07: Click to 'Registor' button
[2023-07-12 10:38:42,300] Register - Step 08: Verify register success message is displayed
[2023-07-12 10:38:42,337] Register - Step 09: 
[2023-07-12 10:39:12,351] Login - Step 01: Navigate to Login Page
[2023-07-12 10:39:13,199] Login - Step 02: Input values to field 'Email' with value is testEmail7446@gmail.vn
[2023-07-12 11:00:28,134] Register - Step 01: Navigate to Register Page
[2023-07-12 11:00:29,095] Register - Step 02: Input values to field 'FirstName' with value is Nguyen
[2023-07-12 11:00:29,143] Register - Step 03: Input values to field 'LastName' with value is Van A
[2023-07-12 11:00:29,181] Register - Step 04: Input values to field 'Email' with value is testEmail2947@gmail.vn
[2023-07-12 11:00:29,219] Register - Step 05: Input values to field 'Password' with value is 199000
[2023-07-12 11:00:29,250] Register - Step 06: Input values to field 'Confirm Password' with value is 199000
[2023-07-12 11:00:29,282] Register - Step 07: Click to 'Registor' button
[2023-07-12 11:00:29,931] Register - Step 08: Verify register success message is displayed
[2023-07-12 11:00:29,970] Register - Step 09: 
[2023-07-12 11:00:59,991] Login - Step 01: Navigate to Login Page
[2023-07-12 11:01:00,881] Login - Step 02: Input values to field 'Email' with value is testEmail2947@gmail.vn
[2023-07-12 11:01:00,936] Login - Step 03: Input values to field 'Password' with value is 199000
[2023-07-12 11:01:00,971] Login - Step 04: Click to 'Login' button
[2023-07-12 11:01:01,641] Login - Step 05: Vertify 'My Account' link is displayed
[2023-07-12 11:01:01,684]  -------------------------- FAILED -------------------------- 
[2023-07-12 11:01:01,685] Login - Step 06: Navigate to My Account Page
[2023-07-12 11:03:50,464] Register - Step 01: Navigate to Register Page
[2023-07-12 11:03:51,377] Register - Step 02: Input values to field 'FirstName' with value is Nguyen
[2023-07-12 11:03:51,428] Register - Step 03: Input values to field 'LastName' with value is Van A
[2023-07-12 11:03:51,466] Register - Step 04: Input values to field 'Email' with value is testEmail2953@gmail.vn
[2023-07-12 11:03:51,502] Register - Step 05: Input values to field 'Password' with value is 199000
[2023-07-12 11:03:51,533] Register - Step 06: Input values to field 'Confirm Password' with value is 199000
[2023-07-12 11:03:51,566] Register - Step 07: Click to 'Registor' button
[2023-07-12 11:03:52,174] Register - Step 08: Verify register success message is displayed
[2023-07-12 11:03:52,214] Register - Step 09: 
[2023-07-12 11:04:22,229] Login - Step 01: Navigate to Login Page
[2023-07-12 11:04:23,120] Login - Step 02: Input values to field 'Email' with value is testEmail2953@gmail.vn
[2023-07-12 11:04:23,176] Login - Step 03: Input values to field 'Password' with value is 199000
[2023-07-12 11:04:23,211] Login - Step 04: Click to 'Login' button
[2023-07-12 11:04:23,809] Login - Step 05: Vertify 'My Account' link is displayed
[2023-07-12 11:04:23,855]  -------------------------- FAILED -------------------------- 
[2023-07-12 11:04:23,855] Login - Step 06: Navigate to My Account Page
[2023-07-13 08:16:08,528] Register - Step 01: Navigate to Register Page
[2023-07-13 08:16:09,677] Register - Step 02: Input values to field 'FirstName' with value is Nguyen
[2023-07-13 08:16:09,718] Register - Step 03: Input values to field 'LastName' with value is Van A
[2023-07-13 08:16:09,755] Register - Step 04: Input values to field 'Email' with value is testEmail1218@gmail.vn
[2023-07-13 08:16:09,791] Register - Step 05: Input values to field 'Password' with value is 199000
[2023-07-13 08:16:09,822] Register - Step 06: Input values to field 'Confirm Password' with value is 199000
[2023-07-13 08:16:09,857] Register - Step 07: Click to 'Registor' button
[2023-07-13 08:16:10,569] Register - Step 08: Verify register success message is displayed
[2023-07-13 08:16:10,607] Register - Step 09: 
[2023-07-13 08:17:58,529] Register - Step 01: Navigate to Register Page
[2023-07-13 08:17:59,499] Register - Step 02: Input values to field 'FirstName' with value is Nguyen
[2023-07-13 08:17:59,544] Register - Step 03: Input values to field 'LastName' with value is Van A
[2023-07-13 08:17:59,580] Register - Step 04: Input values to field 'Email' with value is testEmail7563@gmail.vn
[2023-07-13 08:17:59,617] Register - Step 05: Input values to field 'Password' with value is 199000
[2023-07-13 08:17:59,651] Register - Step 06: Input values to field 'Confirm Password' with value is 199000
[2023-07-13 08:17:59,687] Register - Step 07: Click to 'Registor' button
[2023-07-13 08:18:00,337] Register - Step 08: Verify register success message is displayed
[2023-07-13 08:18:00,373] Register - Step 09: Click to Logout link
[2023-07-13 08:18:30,471] Login - Step 01: Navigate to Login Page
[2023-07-13 08:18:31,346] Login - Step 02: Input values to field 'Email' with value is testEmail7563@gmail.vn
[2023-07-13 08:18:31,399] Login - Step 03: Input values to field 'Password' with value is 199000
[2023-07-13 08:18:31,433] Login - Step 04: Click to 'Login' button
[2023-07-13 08:18:32,033] Login - Step 05: Vertify 'My Account' link is displayed
[2023-07-13 08:18:32,078]  -------------------------- FAILED -------------------------- 
[2023-07-13 08:18:32,078] Login - Step 06: Navigate to My Account Page
[2023-07-13 08:22:26,648] Register - Step 01: Navigate to Register Page
[2023-07-13 08:22:27,574] Register - Step 02: Input values to field 'FirstName' with value is Nguyen
[2023-07-13 08:22:27,627] Register - Step 03: Input values to field 'LastName' with value is Van A
[2023-07-13 08:22:27,663] Register - Step 04: Input values to field 'Email' with value is testEmail5367@gmail.vn
[2023-07-13 08:22:27,698] Register - Step 05: Input values to field 'Password' with value is 199000
[2023-07-13 08:22:27,730] Register - Step 06: Input values to field 'Confirm Password' with value is 199000
[2023-07-13 08:22:27,763] Register - Step 07: Click to 'Registor' button
[2023-07-13 08:22:28,381] Register - Step 08: Verify register success message is displayed
[2023-07-13 08:22:28,417] Register - Step 09: Click to Logout link
[2023-07-13 08:22:58,486] Login - Step 01: Navigate to Login Page
[2023-07-13 08:22:59,369] Login - Step 02: Input values to field 'Email' with value is testEmail5367@gmail.vn
[2023-07-13 08:22:59,425] Login - Step 03: Input values to field 'Password' with value is 199000
[2023-07-13 08:22:59,458] Login - Step 04: Click to 'Login' button
[2023-07-13 08:23:00,058] Login - Step 05: Vertify 'My Account' link is displayed
[2023-07-13 08:23:00,103]  -------------------------- FAILED -------------------------- 
[2023-07-13 08:23:00,104] Login - Step 06: Navigate to My Account Page
[2023-07-13 08:26:46,734] Register - Step 01: Navigate to Register Page
[2023-07-13 08:26:47,675] Register - Step 02: Input values to field 'FirstName' with value is Nguyen
[2023-07-13 08:26:47,727] Register - Step 03: Input values to field 'LastName' with value is Van A
[2023-07-13 08:26:47,765] Register - Step 04: Input values to field 'Email' with value is testEmail9982@gmail.vn
[2023-07-13 08:26:47,802] Register - Step 05: Input values to field 'Password' with value is 199000
[2023-07-13 08:26:47,833] Register - Step 06: Input values to field 'Confirm Password' with value is 199000
[2023-07-13 08:26:47,865] Register - Step 07: Click to 'Registor' button
[2023-07-13 08:26:48,493] Register - Step 08: Verify register success message is displayed
[2023-07-13 08:26:48,532] Register - Step 09: Click to Logout link
[2023-07-13 08:27:18,607] Login - Step 01: Navigate to Login Page
[2023-07-13 08:27:19,494] Login - Step 02: Input values to field 'Email' with value is testEmail9982@gmail.vn
[2023-07-13 08:27:19,552] Login - Step 03: Input values to field 'Password' with value is 199000
[2023-07-13 08:27:19,587] Login - Step 04: Click to 'Login' button
[2023-07-13 08:27:20,157] Login - Step 05: Vertify 'My Account' link is displayed
[2023-07-13 08:27:20,202]  -------------------------- FAILED -------------------------- 
[2023-07-13 08:27:20,203] Login - Step 06: Navigate to My Account Page
[2023-07-13 08:33:11,956] Register - Step 01: Navigate to Register Page
[2023-07-13 08:33:12,939] Register - Step 02: Input values to field 'FirstName' with value is Nguyen
[2023-07-13 08:33:13,027] Register - Step 03: Input values to field 'LastName' with value is Van A
[2023-07-13 08:33:13,104] Register - Step 04: Input values to field 'Email' with value is testEmail1132@gmail.vn
[2023-07-13 08:33:13,180] Register - Step 05: Input values to field 'Password' with value is 199000
[2023-07-13 08:33:13,255] Register - Step 06: Input values to field 'Confirm Password' with value is 199000
[2023-07-13 08:33:13,326] Register - Step 07: Click to 'Registor' button
[2023-07-13 08:33:13,950] Register - Step 08: Verify register success message is displayed
[2023-07-13 08:33:13,986] Register - Step 09: Click to Logout link
[2023-07-13 08:33:44,122] Login - Step 01: Navigate to Login Page
[2023-07-13 08:33:44,524] Login - Step 02: Input values to field 'Email' with value is testEmail1132@gmail.vn
[2023-07-13 08:33:44,602] Login - Step 03: Input values to field 'Password' with value is 199000
[2023-07-13 08:33:44,673] Login - Step 04: Click to 'Login' button
[2023-07-13 08:33:45,376] Login - Step 05: Vertify 'My Account' link is displayed
[2023-07-13 08:40:14,363] Register - Step 01: Navigate to Register Page
[2023-07-13 08:40:15,287] Register - Step 02: Input values to field 'FirstName' with value is Nguyen
[2023-07-13 08:40:15,377] Register - Step 03: Input values to field 'LastName' with value is Van A
[2023-07-13 08:40:15,454] Register - Step 04: Input values to field 'Email' with value is testEmail6850@gmail.vn
[2023-07-13 08:40:15,534] Register - Step 05: Input values to field 'Password' with value is 199000
[2023-07-13 08:40:15,605] Register - Step 06: Input values to field 'Confirm Password' with value is 199000
[2023-07-13 08:40:15,675] Register - Step 07: Click to 'Registor' button
[2023-07-13 08:40:16,384] Register - Step 08: Verify register success message is displayed
[2023-07-13 08:40:16,420] Register - Step 09: Click to Logout link
[2023-07-13 08:40:46,540] Login - Step 01: Navigate to Login Page
[2023-07-13 08:40:47,452] Login - Step 02: Input values to field 'Email' with value is testEmail6850@gmail.vn
[2023-07-13 08:40:47,530] Login - Step 03: Input values to field 'Password' with value is 199000
[2023-07-13 08:40:47,597] Login - Step 04: Click to 'Login' button
[2023-07-13 08:40:48,231] Login - Step 05: Vertify 'My Account' link is displayed
[2023-07-23 10:44:03,288] Login - Step 01: Navigate to Login Page
[2023-07-23 10:44:04,216] Login - Step 02: Input values to field 'Email' with value is testEmail5742@gmail.vn
[2023-07-23 10:44:04,303] Login - Step 03: Input values to field 'Password' with value is 199000
[2023-07-23 10:44:04,378] Login - Step 04: Click to 'Login' button
[2023-07-24 09:28:52,366] Login - Step 01: Navigate to Login Page
[2023-07-24 09:28:53,276] Login - Step 02: Input values to field 'Email' with value is testEmail5650@gmail.vn
[2023-07-24 09:28:53,358] Login - Step 03: Input values to field 'Password' with value is 199000
[2023-07-24 09:28:53,431] Login - Step 04: Click to 'Login' button
[2023-07-24 09:37:59,748] Login - Step 01: Navigate to Login Page
[2023-07-24 09:38:00,634] Login - Step 02: Input values to field 'Email' with value is testEmail7380@gmail.vn
[2023-07-24 09:38:00,715] Login - Step 03: Input values to field 'Password' with value is 199000
[2023-07-24 09:38:00,785] Login - Step 04: Click to 'Login' button
[2023-07-24 10:00:46,456] Precondition - Step 01: Navigate to Login Page
[2023-07-24 10:00:47,466] Precondition - Step 02: Set Cookie and reload
[2023-07-24 10:00:50,500] Precondition - Step 04: Click to 'Login' button
[2023-07-24 10:00:50,873] Precondition - Step 05: Verify 'My account' link is displayed
[2023-07-24 10:04:24,546] Precondition - Step 01: Navigate to Login Page
[2023-07-24 10:04:25,453] Precondition - Step 02: Set Cookie and reload
[2023-07-24 10:04:28,494] Precondition - Step 04: Click to 'Login' button
[2023-07-24 10:04:28,865] Precondition - Step 05: Verify 'My account' link is displayed
[2023-07-24 10:05:16,156] Precondition - Step 01: Navigate to Login Page
[2023-07-24 10:05:17,067] Precondition - Step 02: Set Cookie and reload
[2023-07-24 10:05:20,106] Precondition - Step 03: Verify 'My account' link is displayed
[2023-07-24 10:08:03,599] Precondition - Step 01: Navigate to Login Page
[2023-07-24 10:08:04,830] Precondition - Step 02: Set Cookie and reload
[2023-07-24 10:08:07,877] Precondition - Step 03: Verify 'My account' link is displayed
[2023-07-24 10:10:31,443] Precondition - Step 01: Navigate to Login Page
[2023-07-24 10:10:31,851] Precondition - Step 02: Set Cookie and reload
[2023-07-24 10:10:34,887] Precondition - Step 03: Verify 'My account' link is displayed
[2023-07-24 10:12:12,524] Precondition - Step 01: Navigate to Login Page
[2023-07-24 10:12:13,578] Precondition - Step 02: Set Cookie and reload
[2023-07-24 10:12:16,615] Precondition - Step 03: Verify 'My account' link is displayed
[2023-07-24 10:15:01,250] Precondition - Step 01: Navigate to Login Page
[2023-07-24 10:15:02,170] Precondition - Step 02: Set Cookie and reload
[2023-07-24 10:17:46,759] Precondition - Step 01: Navigate to Register Page
[2023-07-24 10:17:47,686] Precondition - Step 02: Input values to field 'FirstName' with value is Nguyen
[2023-07-24 10:17:47,773] Precondition - Step 03: Input values to field 'LastName' with value is Van A
[2023-07-24 10:17:47,851] Precondition - Step 04: Input values to field 'Email' with value is testEmail2099@gmail.vn
[2023-07-24 10:17:47,929] Precondition - Step 05: Input values to field 'Password' with value is 199000
[2023-07-24 10:17:48,000] Precondition - Step 06: Input values to field 'Confirm Password' with value is 199000
[2023-07-24 10:17:48,071] Precondition - Step 07: Click to 'Registor' button
[2023-07-24 10:17:48,696] Precondition - Step 08: Verify register success message is displayed
[2023-07-24 10:17:48,733] Precondition - Step 09: Navigate to Login Page
[2023-07-24 10:17:49,054] Precondition - Step 10: Input values to field 'Email' with value is testEmail2099@gmail.vn
[2023-07-24 10:17:49,117] Precondition - Step 11: Input values to field 'Password' with value is 199000
[2023-07-24 10:17:49,182] Precondition - Step 12: Click to 'Login' button
[2023-07-25 09:48:12,759] OS name = windows 10
[2023-07-25 09:48:12,765] Cannot invoke "Object.toString()" because "this.driverBaseTest" is null
[2023-07-25 09:49:21,601] Precondition - Step 01: Navigate to Register Page
[2023-07-25 09:49:22,803] Precondition - Step 02: Input values to field 'FirstName' with value is Nguyen
[2023-07-25 09:49:22,893] Precondition - Step 03: Input values to field 'LastName' with value is Van A
[2023-07-25 09:49:22,970] Precondition - Step 04: Input values to field 'Email' with value is testEmail1910@gmail.vn
[2023-07-25 09:49:23,047] Precondition - Step 05: Input values to field 'Password' with value is 199000
[2023-07-25 09:49:23,122] Precondition - Step 06: Input values to field 'Confirm Password' with value is 199000
[2023-07-25 09:49:23,192] Precondition - Step 07: Click to 'Registor' button
[2023-07-25 09:49:24,231] Precondition - Step 08: Verify register success message is displayed
[2023-07-25 09:49:24,271] Precondition - Step 09: Navigate to Login Page
[2023-07-25 09:49:24,699] Precondition - Step 10: Input values to field 'Email' with value is testEmail1910@gmail.vn
[2023-07-25 09:49:24,762] Precondition - Step 11: Input values to field 'Password' with value is 199000
[2023-07-25 09:49:24,826] Precondition - Step 12: Click to 'Login' button
[2023-07-25 09:49:25,775] OS name = windows 10
[2023-07-25 09:49:25,775] Driver instance name = chromedriver: chrome on windows (421062be0205d919ad463de6b720f280)
[2023-07-25 09:50:23,247] Precondition - Step 01: Navigate to Register Page
[2023-07-25 09:50:24,338] Precondition - Step 02: Input values to field 'FirstName' with value is Nguyen
[2023-07-25 09:50:24,425] Precondition - Step 03: Input values to field 'LastName' with value is Van A
[2023-07-25 09:50:24,502] Precondition - Step 04: Input values to field 'Email' with value is testEmail8608@gmail.vn
[2023-07-25 09:50:24,579] Precondition - Step 05: Input values to field 'Password' with value is 199000
[2023-07-25 09:50:24,652] Precondition - Step 06: Input values to field 'Confirm Password' with value is 199000
[2023-07-25 09:50:24,724] Precondition - Step 07: Click to 'Registor' button
[2023-07-25 09:50:25,663] Precondition - Step 08: Verify register success message is displayed
[2023-07-25 09:50:25,791] OS name = windows 10
[2023-07-25 09:50:25,791] Driver instance name = chromedriver: chrome on windows (e50f6978e5cd378896c6b2090762ee93)
[2023-07-25 09:51:11,972] Precondition - Step 01: Navigate to Register Page
[2023-07-25 09:51:13,282] Precondition - Step 02: Input values to field 'FirstName' with value is Nguyen
[2023-07-25 09:51:13,368] Precondition - Step 03: Input values to field 'LastName' with value is Van A
[2023-07-25 09:51:13,449] Precondition - Step 04: Input values to field 'Email' with value is testEmail5382@gmail.vn
[2023-07-25 09:51:13,531] Precondition - Step 05: Input values to field 'Password' with value is 199000
[2023-07-25 09:51:13,605] Precondition - Step 06: Input values to field 'Confirm Password' with value is 199000
[2023-07-25 09:51:13,677] Precondition - Step 07: Click to 'Registor' button
[2023-07-25 09:51:14,449] Precondition - Step 08: Verify register success message is displayed
[2023-07-25 09:51:14,575] OS name = windows 10
[2023-07-25 09:51:14,576] Driver instance name = chromedriver: chrome on windows (86aef6b479e6cd337c4629fca93f0242)
[2023-07-26 09:21:50,164] Register - Step 01: Navigate to Register Page
[2023-07-26 09:21:51,105] Register - Step 02: Input values to field 'FirstName' with value is Nguyen
[2023-07-26 09:21:51,197] Register - Step 03: Input values to field 'LastName' with value is Van A
[2023-07-26 09:21:51,277] Register - Step 04: Input values to field 'Email' with value is testEmail6467@gmail.vn
[2023-07-26 09:21:51,357] Register - Step 05: Input values to field 'Password' with value is 199000
[2023-07-26 09:21:51,430] Register - Step 06: Input values to field 'Confirm Password' with value is 199000
[2023-07-26 09:21:51,500] Register - Step 07: Click to 'Registor' button
[2023-07-26 09:21:52,133] Register - Step 08: Verify register success message is displayed
[2023-07-26 09:21:52,174] Register - Step 09: Click to Logout link
[2023-07-26 09:21:52,808] Login - Step 01: Navigate to Login Page
[2023-07-26 09:21:53,147] Login - Step 02: Input values to field 'Email' with value is testEmail6467@gmail.vn
[2023-07-26 09:21:53,215] Login - Step 03: Input values to field 'Password' with value is 199000
[2023-07-26 09:21:53,281] Login - Step 04: Click to 'Login' button
[2023-07-26 09:21:53,896] Login - Step 05: Vertify 'My Account' link is displayed
[2023-07-26 09:35:04,652] Register - Step 01: Navigate to Register Page
[2023-07-26 09:35:05,588] Register - Step 02: Input values to field 'FirstName' with value is Nguyen
[2023-07-26 09:35:05,676] Register - Step 03: Input values to field 'LastName' with value is Van A
[2023-07-26 09:35:05,754] Register - Step 04: Input values to field 'Email' with value is testEmail123@gmail.vn
[2023-07-26 09:35:05,832] Register - Step 05: Input values to field 'Password' with value is 199000
[2023-07-26 09:35:05,905] Register - Step 06: Input values to field 'Confirm Password' with value is 199000
[2023-07-26 09:35:05,975] Register - Step 07: Click to 'Registor' button
[2023-07-26 09:35:06,708] Register - Step 08: Verify register success message is displayed
[2023-07-26 09:35:06,788] Login - Step 01: Navigate to Login Page
[2023-07-26 09:35:07,135] Login - Step 02: Input values to field 'Email' with value is testEmail123@gmail.vn
[2023-07-26 09:35:07,199] Login - Step 03: Input values to field 'Password' with value is 199000
[2023-07-26 09:35:07,263] Login - Step 04: Click to 'Login' button
[2023-07-26 09:35:07,873] Login - Step 05: Vertify 'My Account' link is displayed
[2023-07-26 09:47:56,192] Register - Step 01: Navigate to Register Page
[2023-07-26 09:47:57,136] Register - Step 02: Input values to field 'FirstName' with value is Nguyen
[2023-07-26 09:47:57,225] Register - Step 03: Input values to field 'LastName' with value is Van A
[2023-07-26 09:47:57,304] Register - Step 04: Input values to field 'Email' with value is testEmail9658@gmail.vn
[2023-07-26 09:47:57,383] Register - Step 05: Input values to field 'Password' with value is 199000
[2023-07-26 09:47:57,458] Register - Step 06: Input values to field 'Confirm Password' with value is 199000
[2023-07-26 09:47:57,529] Register - Step 07: Click to 'Registor' button
[2023-07-26 09:47:58,161] Register - Step 08: Verify register success message is displayed
[2023-07-26 09:47:58,243] Login - Step 01: Navigate to Login Page
[2023-07-26 09:47:58,585] Login - Step 02: Input values to field 'Email' with value is testEmail9658@gmail.vn
[2023-07-26 09:47:58,650] Login - Step 03: Input values to field 'Password' with value is 199000
[2023-07-26 09:47:58,715] Login - Step 04: Click to 'Login' button
[2023-07-26 09:47:59,357] Login - Step 05: Vertify 'My Account' link is displayed
[2023-07-26 09:48:05,710] Register - Step 01: Navigate to Register Page
[2023-07-26 09:48:06,633] Register - Step 02: Input values to field 'FirstName' with value is Nguyen
[2023-07-26 09:48:06,722] Register - Step 03: Input values to field 'LastName' with value is Van A
[2023-07-26 09:48:06,802] Register - Step 04: Input values to field 'Email' with value is testEmail6340@gmail.vn
[2023-07-26 09:48:06,880] Register - Step 05: Input values to field 'Password' with value is 199000
[2023-07-26 09:48:06,958] Register - Step 06: Input values to field 'Confirm Password' with value is 199000
[2023-07-26 09:48:07,030] Register - Step 07: Click to 'Registor' button
[2023-07-26 09:48:08,210] Register - Step 08: Verify register success message is displayed
[2023-07-26 09:48:08,289] Login - Step 01: Navigate to Login Page
[2023-07-26 09:48:08,637] Login - Step 02: Input values to field 'Email' with value is testEmail6340@gmail.vn
[2023-07-26 09:48:08,703] Login - Step 03: Input values to field 'Password' with value is 199000
[2023-07-26 09:48:08,771] Login - Step 04: Click to 'Login' button
[2023-07-26 09:48:09,396] Login - Step 05: Vertify 'My Account' link is displayed
[2023-07-26 10:17:17,935] Register - Step 01: Navigate to Register Page
[2023-07-26 10:17:18,902] Register - Step 02: Input values to field 'FirstName' with value is Nguyen
[2023-07-26 10:17:18,985] Register - Step 03: Input values to field 'LastName' with value is Van A
[2023-07-26 10:17:19,058] Register - Step 04: Input values to field 'Email' with value is testEmail3879@gmail.vn
[2023-07-26 10:17:19,135] Register - Step 04: Select values to field 'Date of birth' with value is 30
[2023-07-26 10:18:31,126] Register - Step 01: Navigate to Register Page
[2023-07-26 10:18:32,122] Register - Step 02: Input values to field 'FirstName' with value is Nguyen
[2023-07-26 10:18:32,206] Register - Step 03: Input values to field 'LastName' with value is Van A
[2023-07-26 10:18:32,281] Register - Step 04: Input values to field 'Email' with value is testEmail3110@gmail.vn
[2023-07-26 10:18:32,360] Register - Step 04: Select values to field 'Date of birth' with value is 30
[2023-07-26 10:20:00,008] Register - Step 01: Navigate to Register Page
[2023-07-26 10:20:01,000] Register - Step 02: Input values to field 'FirstName' with value is Nguyen
[2023-07-26 10:20:01,081] Register - Step 03: Input values to field 'LastName' with value is Van A
[2023-07-26 10:20:01,157] Register - Step 04: Input values to field 'Email' with value is testEmail47@gmail.vn
[2023-07-26 10:20:01,236] Register - Step 04: Select values to field 'Date of birth' with value is 30
[2023-07-26 10:20:31,369] Login - Step 01: Navigate to Login Page
[2023-07-26 10:20:32,284] Login - Step 02: Input values to field 'Email' with value is testEmail47@gmail.vn
[2023-07-26 10:20:32,351] Login - Step 03: Input values to field 'Password' with value is 199000
[2023-07-26 10:20:32,424] Login - Step 04: Click to 'Login' button
[2023-07-26 10:20:32,767] Login - Step 05: Vertify 'My Account' link is displayed
[2023-07-26 10:22:46,997] Register - Step 01: Navigate to Register Page
[2023-07-26 10:22:47,987] Register - Step 02: Input values to field 'FirstName' with value is Nguyen
[2023-07-26 10:22:48,072] Register - Step 03: Input values to field 'LastName' with value is Van A
[2023-07-26 10:22:48,148] Register - Step 04: Input values to field 'Email' with value is testEmail1644@gmail.vn
[2023-07-26 10:22:48,225] Register - Step 04: Select values to field 'Date of birth' with value is 30
[2023-07-26 10:23:18,352] Login - Step 01: Navigate to Login Page
[2023-07-26 10:23:18,712] Login - Step 02: Input values to field 'Email' with value is testEmail1644@gmail.vn
[2023-07-26 10:23:18,793] Login - Step 03: Input values to field 'Password' with value is 199000
[2023-07-26 10:23:18,866] Login - Step 04: Click to 'Login' button
[2023-07-26 10:23:19,233] Login - Step 05: Vertify 'My Account' link is displayed
[2023-07-27 08:30:55,873] Register - Step 01: Navigate to Register Page
[2023-07-27 08:30:56,935] Register - Step 02: Input values to field 'FirstName' with value is Nguyen
[2023-07-27 08:30:57,045] Register - Step 03: Input values to field 'LastName' with value is Van A
[2023-07-27 08:30:57,121] Register - Step 04: Input values to field 'Email' with value is testEmail1726@gmail.vn
[2023-07-27 08:30:57,206] Register - Step 04: Select values to field 'Date of birth' with value is 30
[2023-07-27 08:34:46,871] Register - Step 01: Navigate to Register Page
[2023-07-27 08:34:47,853] Register - Step 02: Input values to field 'FirstName' with value is Nguyen
[2023-07-27 08:34:47,940] Register - Step 03: Input values to field 'LastName' with value is Van A
[2023-07-27 08:34:48,019] Register - Step 04: Input values to field 'Email' with value is testEmail6752@gmail.vn
[2023-07-27 08:34:48,098] Register - Step 04: Select values to field 'Date of birth' with value is 30
[2023-07-27 08:42:17,798] Register - Step 01: Navigate to Register Page
[2023-07-27 08:42:18,781] Register - Step 02: Input values to field 'FirstName' with value is Nguyen
[2023-07-27 08:42:18,861] Register - Step 03: Input values to field 'LastName' with value is Van A
[2023-07-27 08:42:18,934] Register - Step 04: Input values to field 'Email' with value is testEmail2539@gmail.vn
[2023-07-27 08:42:19,012] Register - Step 04: Select values to field 'Date of birth' with value is 30
[2023-07-27 08:42:19,090] Register - Step 04: Select values to field 'Date of birth' with value is 12
[2023-07-27 08:43:03,376] Register - Step 01: Navigate to Register Page
[2023-07-27 08:43:04,350] Register - Step 02: Input values to field 'FirstName' with value is Nguyen
[2023-07-27 08:43:04,432] Register - Step 03: Input values to field 'LastName' with value is Van A
[2023-07-27 08:43:04,505] Register - Step 04: Input values to field 'Email' with value is testEmail5079@gmail.vn
[2023-07-27 08:43:04,583] Register - Step 04: Select values to field 'Date of birth' with value is 30
[2023-07-27 08:43:04,654] Register - Step 04: Select values to field 'Date of birth' with value is June
[2023-07-27 08:43:04,717] Register - Step 04: Select values to field 'Date of birth' with value is 1997
[2023-07-27 08:43:04,777] Register - Step 05: Input values to field 'Password' with value is 199000
[2023-07-27 08:43:04,846] Register - Step 06: Input values to field 'Confirm Password' with value is 199000
[2023-07-27 08:43:04,913] Register - Step 07: Click to 'Registor' button
[2023-07-27 08:43:05,548] Register - Step 08: Verify register success message is displayed
[2023-07-27 08:43:05,625] Login - Step 01: Navigate to Login Page
[2023-07-27 08:43:05,947] Login - Step 02: Input values to field 'Email' with value is testEmail5079@gmail.vn
[2023-07-27 08:43:06,015] Login - Step 03: Input values to field 'Password' with value is 199000
[2023-07-27 08:43:06,082] Login - Step 04: Click to 'Login' button
[2023-07-27 08:43:06,683] Login - Step 05: Vertify 'My Account' link is displayed
[2023-07-27 08:43:06,716] Login - Step 06: Navigate to My Account Page
[2023-07-27 08:46:42,941] Register - Step 01: Navigate to Register Page
[2023-07-27 08:46:43,908] Register - Step 02: Input values to field 'FirstName' with value is Nguyen
[2023-07-27 08:46:43,991] Register - Step 03: Input values to field 'LastName' with value is Van A
[2023-07-27 08:46:44,068] Register - Step 04: Input values to field 'Email' with value is testEmail629@gmail.vn
[2023-07-27 08:46:44,157] Register - Step 04: Select values to field 'Date of birth' with value is 30
[2023-07-27 08:46:44,233] Register - Step 04: Select values to field 'Date of birth' with value is June
[2023-07-27 08:46:44,299] Register - Step 04: Select values to field 'Date of birth' with value is 1997
[2023-07-27 08:46:44,361] Register - Step 05: Input values to field 'Password' with value is 199000
[2023-07-27 08:46:44,433] Register - Step 06: Input values to field 'Confirm Password' with value is 199000
[2023-07-27 08:46:44,502] Register - Step 07: Click to 'Registor' button
[2023-07-27 08:46:45,104] Register - Step 08: Verify register success message is displayed
[2023-07-27 08:46:45,184] Login - Step 01: Navigate to Login Page
[2023-07-27 08:46:45,515] Login - Step 02: Input values to field 'Email' with value is testEmail629@gmail.vn
[2023-07-27 08:46:45,580] Login - Step 03: Input values to field 'Password' with value is 199000
[2023-07-27 08:46:45,643] Login - Step 04: Click to 'Login' button
[2023-07-27 08:46:46,271] Login - Step 05: Vertify 'My Account' link is displayed
[2023-07-27 08:51:03,681] Register - Step 01: Navigate to Register Page
[2023-07-27 08:51:04,686] Register - Step 02: Input values to field 'FirstName' with value is Nguyen
[2023-07-27 08:51:04,768] Register - Step 03: Input values to field 'LastName' with value is Van A
[2023-07-27 08:51:04,842] Register - Step 04: Input values to field 'Email' with value is testEmail6789@gmail.vn
[2023-07-27 08:51:04,918] Register - Step 04: Select values to field 'Date of birth' with value is 30
[2023-07-27 08:51:04,988] Register - Step 04: Select values to field 'Date of birth' with value is June
[2023-07-27 08:51:05,052] Register - Step 04: Select values to field 'Date of birth' with value is 1997
[2023-07-27 08:51:05,112] Register - Step 05: Input values to field 'Password' with value is 199000
[2023-07-27 08:51:05,184] Register - Step 06: Input values to field 'Confirm Password' with value is 199000
[2023-07-27 08:51:05,259] Register - Step 07: Click to 'Registor' button
[2023-07-27 08:51:05,902] Register - Step 08: Verify register success message is displayed
[2023-07-27 08:51:05,977] Login - Step 01: Navigate to Login Page
[2023-07-27 08:51:06,315] Login - Step 02: Input values to field 'Email' with value is testEmail6789@gmail.vn
[2023-07-27 08:51:06,380] Login - Step 03: Input values to field 'Password' with value is 199000
[2023-07-27 08:51:06,445] Login - Step 04: Click to 'Login' button
[2023-07-27 08:51:07,058] Login - Step 05: Vertify 'My Account' link is displayed
[2023-07-27 08:51:07,092] Login - Step 06: Click 'My Account' link
[2023-07-27 08:51:08,129] Login - Step 07: Navigate to My Account Page
[2023-07-27 08:51:25,260] Login - Step 08: Vertify 'Customer Infor' Page is displayed
